The system is: Linux - 4.4.0-31-generic - armv7l
Compiling the C compiler identification source file "CMakeCCompilerId.c" succeeded.
Compiler: /usr/bin/cc 
Build flags: 
Id flags: 

The output was:
0


Compilation of the C compiler identification source "CMakeCCompilerId.c" produced "a.out"

The C compiler identification is GNU, found in "/caffe/examples/CMakeFiles/3.0.2/CompilerIdC/a.out"

Compiling the CXX compiler identification source file "CMakeCXXCompilerId.cpp" succeeded.
Compiler: /usr/bin/c++ 
Build flags: 
Id flags: 

The output was:
0


Compilation of the CXX compiler identification source "CMakeCXXCompilerId.cpp" produced "a.out"

The CXX compiler identification is GNU, found in "/caffe/examples/CMakeFiles/3.0.2/CompilerIdCXX/a.out"

Determining if the C compiler works passed with the following output:
Change Dir: /caffe/examples/CMakeFiles/CMakeTmp

Run Build Command:"/usr/bin/make" "cmTryCompileExec666759233/fast"
/usr/bin/make -f CMakeFiles/cmTryCompileExec666759233.dir/build.make CMakeFiles/cmTryCompileExec666759233.dir/build
make[1]: Entering directory '/caffe/examples/CMakeFiles/CMakeTmp'
/usr/bin/cmake -E cmake_progress_report /caffe/examples/CMakeFiles/CMakeTmp/CMakeFiles 1
Building C object CMakeFiles/cmTryCompileExec666759233.dir/testCCompiler.c.o
/usr/bin/cc    -o CMakeFiles/cmTryCompileExec666759233.dir/testCCompiler.c.o   -c /caffe/examples/CMakeFiles/CMakeTmp/testCCompiler.c
Linking C executable cmTryCompileExec666759233
/usr/bin/cmake -E cmake_link_script CMakeFiles/cmTryCompileExec666759233.dir/link.txt --verbose=1
/usr/bin/cc       CMakeFiles/cmTryCompileExec666759233.dir/testCCompiler.c.o  -o cmTryCompileExec666759233 -rdynamic 
make[1]: Leaving directory '/caffe/examples/CMakeFiles/CMakeTmp'


Detecting C compiler ABI info compiled with the following output:
Change Dir: /caffe/examples/CMakeFiles/CMakeTmp

Run Build Command:"/usr/bin/make" "cmTryCompileExec3309799490/fast"
/usr/bin/make -f CMakeFiles/cmTryCompileExec3309799490.dir/build.make CMakeFiles/cmTryCompileExec3309799490.dir/build
make[1]: Entering directory '/caffe/examples/CMakeFiles/CMakeTmp'
/usr/bin/cmake -E cmake_progress_report /caffe/examples/CMakeFiles/CMakeTmp/CMakeFiles 1
Building C object CMakeFiles/cmTryCompileExec3309799490.dir/CMakeCCompilerABI.c.o
/usr/bin/cc    -o CMakeFiles/cmTryCompileExec3309799490.dir/CMakeCCompilerABI.c.o   -c /usr/share/cmake-3.0/Modules/CMakeCCompilerABI.c
Linking C executable cmTryCompileExec3309799490
/usr/bin/cmake -E cmake_link_script CMakeFiles/cmTryCompileExec3309799490.dir/link.txt --verbose=1
/usr/bin/cc     -v CMakeFiles/cmTryCompileExec3309799490.dir/CMakeCCompilerABI.c.o  -o cmTryCompileExec3309799490 -rdynamic  
Using built-in specs.
COLLECT_GCC=/usr/bin/cc
COLLECT_LTO_WRAPPER=/usr/lib/gcc/arm-linux-gnueabi/4.9/lto-wrapper
Target: arm-linux-gnueabi
Configured with: ../src/configure -v --with-pkgversion='Debian 4.9.2-10' --with-bugurl=file:///usr/share/doc/gcc-4.9/README.Bugs --enable-languages=c,c++,java,go,d,fortran,objc,obj-c++ --prefix=/usr --program-suffix=-4.9 --enable-shared --enable-linker-build-id --libexecdir=/usr/lib --without-included-gettext --enable-threads=posix --with-gxx-include-dir=/usr/include/c++/4.9 --libdir=/usr/lib --enable-nls --with-sysroot=/ --enable-clocale=gnu --enable-libstdcxx-debug --enable-libstdcxx-time=yes --enable-gnu-unique-object --disable-libitm --disable-libquadmath --enable-plugin --with-system-zlib --disable-browser-plugin --enable-java-awt=gtk --enable-gtk-cairo --with-java-home=/usr/lib/jvm/java-1.5.0-gcj-4.9-armel/jre --enable-java-home --with-jvm-root-dir=/usr/lib/jvm/java-1.5.0-gcj-4.9-armel --with-jvm-jar-dir=/usr/lib/jvm-exports/java-1.5.0-gcj-4.9-armel --with-arch-directory=arm --with-ecj-jar=/usr/share/java/eclipse-ecj.jar --enable-objc-gc --enable-multiarch --disable-sjlj-exceptions --with-arch=armv4t --with-float=soft --enable-checking=release --build=arm-linux-gnueabi --host=arm-linux-gnueabi --target=arm-linux-gnueabi
Thread model: posix
gcc version 4.9.2 (Debian 4.9.2-10) 
COMPILER_PATH=/usr/lib/gcc/arm-linux-gnueabi/4.9/:/usr/lib/gcc/arm-linux-gnueabi/4.9/:/usr/lib/gcc/arm-linux-gnueabi/:/usr/lib/gcc/arm-linux-gnueabi/4.9/:/usr/lib/gcc/arm-linux-gnueabi/
LIBRARY_PATH=/usr/lib/gcc/arm-linux-gnueabi/4.9/:/usr/lib/gcc/arm-linux-gnueabi/4.9/../../../arm-linux-gnueabi/:/usr/lib/gcc/arm-linux-gnueabi/4.9/../../../:/lib/arm-linux-gnueabi/:/lib/:/usr/lib/arm-linux-gnueabi/:/usr/lib/
COLLECT_GCC_OPTIONS='-v' '-o' 'cmTryCompileExec3309799490' '-rdynamic' '-march=armv4t' '-mfloat-abi=soft' '-mtls-dialect=gnu'
 /usr/lib/gcc/arm-linux-gnueabi/4.9/collect2 -plugin /usr/lib/gcc/arm-linux-gnueabi/4.9/liblto_plugin.so -plugin-opt=/usr/lib/gcc/arm-linux-gnueabi/4.9/lto-wrapper -plugin-opt=-fresolution=/tmp/ccFfdAak.res -plugin-opt=-pass-through=-lgcc -plugin-opt=-pass-through=-lgcc_s -plugin-opt=-pass-through=-lc -plugin-opt=-pass-through=-lgcc -plugin-opt=-pass-through=-lgcc_s --sysroot=/ --build-id --eh-frame-hdr -export-dynamic -dynamic-linker /lib/ld-linux.so.3 -X --hash-style=gnu -m armelf_linux_eabi -o cmTryCompileExec3309799490 /usr/lib/gcc/arm-linux-gnueabi/4.9/../../../arm-linux-gnueabi/crt1.o /usr/lib/gcc/arm-linux-gnueabi/4.9/../../../arm-linux-gnueabi/crti.o /usr/lib/gcc/arm-linux-gnueabi/4.9/crtbegin.o -L/usr/lib/gcc/arm-linux-gnueabi/4.9 -L/usr/lib/gcc/arm-linux-gnueabi/4.9/../../../arm-linux-gnueabi -L/usr/lib/gcc/arm-linux-gnueabi/4.9/../../.. -L/lib/arm-linux-gnueabi -L/usr/lib/arm-linux-gnueabi CMakeFiles/cmTryCompileExec3309799490.dir/CMakeCCompilerABI.c.o -lgcc --as-needed -lgcc_s --no-as-needed -lc -lgcc --as-needed -lgcc_s --no-as-needed /usr/lib/gcc/arm-linux-gnueabi/4.9/crtend.o /usr/lib/gcc/arm-linux-gnueabi/4.9/../../../arm-linux-gnueabi/crtn.o
make[1]: Leaving directory '/caffe/examples/CMakeFiles/CMakeTmp'


Parsed C implicit link information from above output:
  link line regex: [^( *|.*[/\])(ld|([^/\]+-)?ld|collect2)[^/\]*( |$)]
  ignore line: [Change Dir: /caffe/examples/CMakeFiles/CMakeTmp]
  ignore line: []
  ignore line: [Run Build Command:"/usr/bin/make" "cmTryCompileExec3309799490/fast"]
  ignore line: [/usr/bin/make -f CMakeFiles/cmTryCompileExec3309799490.dir/build.make CMakeFiles/cmTryCompileExec3309799490.dir/build]
  ignore line: [make[1]: Entering directory '/caffe/examples/CMakeFiles/CMakeTmp']
  ignore line: [/usr/bin/cmake -E cmake_progress_report /caffe/examples/CMakeFiles/CMakeTmp/CMakeFiles 1]
  ignore line: [Building C object CMakeFiles/cmTryCompileExec3309799490.dir/CMakeCCompilerABI.c.o]
  ignore line: [/usr/bin/cc    -o CMakeFiles/cmTryCompileExec3309799490.dir/CMakeCCompilerABI.c.o   -c /usr/share/cmake-3.0/Modules/CMakeCCompilerABI.c]
  ignore line: [Linking C executable cmTryCompileExec3309799490]
  ignore line: [/usr/bin/cmake -E cmake_link_script CMakeFiles/cmTryCompileExec3309799490.dir/link.txt --verbose=1]
  ignore line: [/usr/bin/cc     -v CMakeFiles/cmTryCompileExec3309799490.dir/CMakeCCompilerABI.c.o  -o cmTryCompileExec3309799490 -rdynamic  ]
  ignore line: [Using built-in specs.]
  ignore line: [COLLECT_GCC=/usr/bin/cc]
  ignore line: [COLLECT_LTO_WRAPPER=/usr/lib/gcc/arm-linux-gnueabi/4.9/lto-wrapper]
  ignore line: [Target: arm-linux-gnueabi]
  ignore line: [Configured with: ../src/configure -v --with-pkgversion='Debian 4.9.2-10' --with-bugurl=file:///usr/share/doc/gcc-4.9/README.Bugs --enable-languages=c,c++,java,go,d,fortran,objc,obj-c++ --prefix=/usr --program-suffix=-4.9 --enable-shared --enable-linker-build-id --libexecdir=/usr/lib --without-included-gettext --enable-threads=posix --with-gxx-include-dir=/usr/include/c++/4.9 --libdir=/usr/lib --enable-nls --with-sysroot=/ --enable-clocale=gnu --enable-libstdcxx-debug --enable-libstdcxx-time=yes --enable-gnu-unique-object --disable-libitm --disable-libquadmath --enable-plugin --with-system-zlib --disable-browser-plugin --enable-java-awt=gtk --enable-gtk-cairo --with-java-home=/usr/lib/jvm/java-1.5.0-gcj-4.9-armel/jre --enable-java-home --with-jvm-root-dir=/usr/lib/jvm/java-1.5.0-gcj-4.9-armel --with-jvm-jar-dir=/usr/lib/jvm-exports/java-1.5.0-gcj-4.9-armel --with-arch-directory=arm --with-ecj-jar=/usr/share/java/eclipse-ecj.jar --enable-objc-gc --enable-multiarch --disable-sjlj-exceptions --with-arch=armv4t --with-float=soft --enable-checking=release --build=arm-linux-gnueabi --host=arm-linux-gnueabi --target=arm-linux-gnueabi]
  ignore line: [Thread model: posix]
  ignore line: [gcc version 4.9.2 (Debian 4.9.2-10) ]
  ignore line: [COMPILER_PATH=/usr/lib/gcc/arm-linux-gnueabi/4.9/:/usr/lib/gcc/arm-linux-gnueabi/4.9/:/usr/lib/gcc/arm-linux-gnueabi/:/usr/lib/gcc/arm-linux-gnueabi/4.9/:/usr/lib/gcc/arm-linux-gnueabi/]
  ignore line: [LIBRARY_PATH=/usr/lib/gcc/arm-linux-gnueabi/4.9/:/usr/lib/gcc/arm-linux-gnueabi/4.9/../../../arm-linux-gnueabi/:/usr/lib/gcc/arm-linux-gnueabi/4.9/../../../:/lib/arm-linux-gnueabi/:/lib/:/usr/lib/arm-linux-gnueabi/:/usr/lib/]
  ignore line: [COLLECT_GCC_OPTIONS='-v' '-o' 'cmTryCompileExec3309799490' '-rdynamic' '-march=armv4t' '-mfloat-abi=soft' '-mtls-dialect=gnu']
  link line: [ /usr/lib/gcc/arm-linux-gnueabi/4.9/collect2 -plugin /usr/lib/gcc/arm-linux-gnueabi/4.9/liblto_plugin.so -plugin-opt=/usr/lib/gcc/arm-linux-gnueabi/4.9/lto-wrapper -plugin-opt=-fresolution=/tmp/ccFfdAak.res -plugin-opt=-pass-through=-lgcc -plugin-opt=-pass-through=-lgcc_s -plugin-opt=-pass-through=-lc -plugin-opt=-pass-through=-lgcc -plugin-opt=-pass-through=-lgcc_s --sysroot=/ --build-id --eh-frame-hdr -export-dynamic -dynamic-linker /lib/ld-linux.so.3 -X --hash-style=gnu -m armelf_linux_eabi -o cmTryCompileExec3309799490 /usr/lib/gcc/arm-linux-gnueabi/4.9/../../../arm-linux-gnueabi/crt1.o /usr/lib/gcc/arm-linux-gnueabi/4.9/../../../arm-linux-gnueabi/crti.o /usr/lib/gcc/arm-linux-gnueabi/4.9/crtbegin.o -L/usr/lib/gcc/arm-linux-gnueabi/4.9 -L/usr/lib/gcc/arm-linux-gnueabi/4.9/../../../arm-linux-gnueabi -L/usr/lib/gcc/arm-linux-gnueabi/4.9/../../.. -L/lib/arm-linux-gnueabi -L/usr/lib/arm-linux-gnueabi CMakeFiles/cmTryCompileExec3309799490.dir/CMakeCCompilerABI.c.o -lgcc --as-needed -lgcc_s --no-as-needed -lc -lgcc --as-needed -lgcc_s --no-as-needed /usr/lib/gcc/arm-linux-gnueabi/4.9/crtend.o /usr/lib/gcc/arm-linux-gnueabi/4.9/../../../arm-linux-gnueabi/crtn.o]
    arg [/usr/lib/gcc/arm-linux-gnueabi/4.9/collect2] ==> ignore
    arg [-plugin] ==> ignore
    arg [/usr/lib/gcc/arm-linux-gnueabi/4.9/liblto_plugin.so] ==> ignore
    arg [-plugin-opt=/usr/lib/gcc/arm-linux-gnueabi/4.9/lto-wrapper] ==> ignore
    arg [-plugin-opt=-fresolution=/tmp/ccFfdAak.res] ==> ignore
    arg [-plugin-opt=-pass-through=-lgcc] ==> ignore
    arg [-plugin-opt=-pass-through=-lgcc_s] ==> ignore
    arg [-plugin-opt=-pass-through=-lc] ==> ignore
    arg [-plugin-opt=-pass-through=-lgcc] ==> ignore
    arg [-plugin-opt=-pass-through=-lgcc_s] ==> ignore
    arg [--sysroot=/] ==> ignore
    arg [--build-id] ==> ignore
    arg [--eh-frame-hdr] ==> ignore
    arg [-export-dynamic] ==> ignore
    arg [-dynamic-linker] ==> ignore
    arg [/lib/ld-linux.so.3] ==> ignore
    arg [-X] ==> ignore
    arg [--hash-style=gnu] ==> ignore
    arg [-m] ==> ignore
    arg [armelf_linux_eabi] ==> ignore
    arg [-o] ==> ignore
    arg [cmTryCompileExec3309799490] ==> ignore
    arg [/usr/lib/gcc/arm-linux-gnueabi/4.9/../../../arm-linux-gnueabi/crt1.o] ==> ignore
    arg [/usr/lib/gcc/arm-linux-gnueabi/4.9/../../../arm-linux-gnueabi/crti.o] ==> ignore
    arg [/usr/lib/gcc/arm-linux-gnueabi/4.9/crtbegin.o] ==> ignore
    arg [-L/usr/lib/gcc/arm-linux-gnueabi/4.9] ==> dir [/usr/lib/gcc/arm-linux-gnueabi/4.9]
    arg [-L/usr/lib/gcc/arm-linux-gnueabi/4.9/../../../arm-linux-gnueabi] ==> dir [/usr/lib/gcc/arm-linux-gnueabi/4.9/../../../arm-linux-gnueabi]
    arg [-L/usr/lib/gcc/arm-linux-gnueabi/4.9/../../..] ==> dir [/usr/lib/gcc/arm-linux-gnueabi/4.9/../../..]
    arg [-L/lib/arm-linux-gnueabi] ==> dir [/lib/arm-linux-gnueabi]
    arg [-L/usr/lib/arm-linux-gnueabi] ==> dir [/usr/lib/arm-linux-gnueabi]
    arg [CMakeFiles/cmTryCompileExec3309799490.dir/CMakeCCompilerABI.c.o] ==> ignore
    arg [-lgcc] ==> lib [gcc]
    arg [--as-needed] ==> ignore
    arg [-lgcc_s] ==> lib [gcc_s]
    arg [--no-as-needed] ==> ignore
    arg [-lc] ==> lib [c]
    arg [-lgcc] ==> lib [gcc]
    arg [--as-needed] ==> ignore
    arg [-lgcc_s] ==> lib [gcc_s]
    arg [--no-as-needed] ==> ignore
    arg [/usr/lib/gcc/arm-linux-gnueabi/4.9/crtend.o] ==> ignore
    arg [/usr/lib/gcc/arm-linux-gnueabi/4.9/../../../arm-linux-gnueabi/crtn.o] ==> ignore
  remove lib [gcc]
  remove lib [gcc_s]
  remove lib [gcc]
  remove lib [gcc_s]
  collapse library dir [/usr/lib/gcc/arm-linux-gnueabi/4.9] ==> [/usr/lib/gcc/arm-linux-gnueabi/4.9]
  collapse library dir [/usr/lib/gcc/arm-linux-gnueabi/4.9/../../../arm-linux-gnueabi] ==> [/usr/lib/arm-linux-gnueabi]
  collapse library dir [/usr/lib/gcc/arm-linux-gnueabi/4.9/../../..] ==> [/usr/lib]
  collapse library dir [/lib/arm-linux-gnueabi] ==> [/lib/arm-linux-gnueabi]
  collapse library dir [/usr/lib/arm-linux-gnueabi] ==> [/usr/lib/arm-linux-gnueabi]
  implicit libs: [c]
  implicit dirs: [/usr/lib/gcc/arm-linux-gnueabi/4.9;/usr/lib/arm-linux-gnueabi;/usr/lib;/lib/arm-linux-gnueabi]
  implicit fwks: []


Determining if the CXX compiler works passed with the following output:
Change Dir: /caffe/examples/CMakeFiles/CMakeTmp

Run Build Command:"/usr/bin/make" "cmTryCompileExec1657468254/fast"
/usr/bin/make -f CMakeFiles/cmTryCompileExec1657468254.dir/build.make CMakeFiles/cmTryCompileExec1657468254.dir/build
make[1]: Entering directory '/caffe/examples/CMakeFiles/CMakeTmp'
/usr/bin/cmake -E cmake_progress_report /caffe/examples/CMakeFiles/CMakeTmp/CMakeFiles 1
Building CXX object CMakeFiles/cmTryCompileExec1657468254.dir/testCXXCompiler.cxx.o
/usr/bin/c++     -o CMakeFiles/cmTryCompileExec1657468254.dir/testCXXCompiler.cxx.o -c /caffe/examples/CMakeFiles/CMakeTmp/testCXXCompiler.cxx
Linking CXX executable cmTryCompileExec1657468254
/usr/bin/cmake -E cmake_link_script CMakeFiles/cmTryCompileExec1657468254.dir/link.txt --verbose=1
/usr/bin/c++        CMakeFiles/cmTryCompileExec1657468254.dir/testCXXCompiler.cxx.o  -o cmTryCompileExec1657468254 -rdynamic 
make[1]: Leaving directory '/caffe/examples/CMakeFiles/CMakeTmp'


Detecting CXX compiler ABI info compiled with the following output:
Change Dir: /caffe/examples/CMakeFiles/CMakeTmp

Run Build Command:"/usr/bin/make" "cmTryCompileExec4002745184/fast"
/usr/bin/make -f CMakeFiles/cmTryCompileExec4002745184.dir/build.make CMakeFiles/cmTryCompileExec4002745184.dir/build
make[1]: Entering directory '/caffe/examples/CMakeFiles/CMakeTmp'
/usr/bin/cmake -E cmake_progress_report /caffe/examples/CMakeFiles/CMakeTmp/CMakeFiles 1
Building CXX object CMakeFiles/cmTryCompileExec4002745184.dir/CMakeCXXCompilerABI.cpp.o
/usr/bin/c++     -o CMakeFiles/cmTryCompileExec4002745184.dir/CMakeCXXCompilerABI.cpp.o -c /usr/share/cmake-3.0/Modules/CMakeCXXCompilerABI.cpp
Linking CXX executable cmTryCompileExec4002745184
/usr/bin/cmake -E cmake_link_script CMakeFiles/cmTryCompileExec4002745184.dir/link.txt --verbose=1
/usr/bin/c++      -v CMakeFiles/cmTryCompileExec4002745184.dir/CMakeCXXCompilerABI.cpp.o  -o cmTryCompileExec4002745184 -rdynamic  
Using built-in specs.
COLLECT_GCC=/usr/bin/c++
COLLECT_LTO_WRAPPER=/usr/lib/gcc/arm-linux-gnueabi/4.9/lto-wrapper
Target: arm-linux-gnueabi
Configured with: ../src/configure -v --with-pkgversion='Debian 4.9.2-10' --with-bugurl=file:///usr/share/doc/gcc-4.9/README.Bugs --enable-languages=c,c++,java,go,d,fortran,objc,obj-c++ --prefix=/usr --program-suffix=-4.9 --enable-shared --enable-linker-build-id --libexecdir=/usr/lib --without-included-gettext --enable-threads=posix --with-gxx-include-dir=/usr/include/c++/4.9 --libdir=/usr/lib --enable-nls --with-sysroot=/ --enable-clocale=gnu --enable-libstdcxx-debug --enable-libstdcxx-time=yes --enable-gnu-unique-object --disable-libitm --disable-libquadmath --enable-plugin --with-system-zlib --disable-browser-plugin --enable-java-awt=gtk --enable-gtk-cairo --with-java-home=/usr/lib/jvm/java-1.5.0-gcj-4.9-armel/jre --enable-java-home --with-jvm-root-dir=/usr/lib/jvm/java-1.5.0-gcj-4.9-armel --with-jvm-jar-dir=/usr/lib/jvm-exports/java-1.5.0-gcj-4.9-armel --with-arch-directory=arm --with-ecj-jar=/usr/share/java/eclipse-ecj.jar --enable-objc-gc --enable-multiarch --disable-sjlj-exceptions --with-arch=armv4t --with-float=soft --enable-checking=release --build=arm-linux-gnueabi --host=arm-linux-gnueabi --target=arm-linux-gnueabi
Thread model: posix
gcc version 4.9.2 (Debian 4.9.2-10) 
COMPILER_PATH=/usr/lib/gcc/arm-linux-gnueabi/4.9/:/usr/lib/gcc/arm-linux-gnueabi/4.9/:/usr/lib/gcc/arm-linux-gnueabi/:/usr/lib/gcc/arm-linux-gnueabi/4.9/:/usr/lib/gcc/arm-linux-gnueabi/
LIBRARY_PATH=/usr/lib/gcc/arm-linux-gnueabi/4.9/:/usr/lib/gcc/arm-linux-gnueabi/4.9/../../../arm-linux-gnueabi/:/usr/lib/gcc/arm-linux-gnueabi/4.9/../../../:/lib/arm-linux-gnueabi/:/lib/:/usr/lib/arm-linux-gnueabi/:/usr/lib/
COLLECT_GCC_OPTIONS='-v' '-o' 'cmTryCompileExec4002745184' '-rdynamic' '-shared-libgcc' '-march=armv4t' '-mfloat-abi=soft' '-mtls-dialect=gnu'
 /usr/lib/gcc/arm-linux-gnueabi/4.9/collect2 -plugin /usr/lib/gcc/arm-linux-gnueabi/4.9/liblto_plugin.so -plugin-opt=/usr/lib/gcc/arm-linux-gnueabi/4.9/lto-wrapper -plugin-opt=-fresolution=/tmp/cc64U1tO.res -plugin-opt=-pass-through=-lgcc_s -plugin-opt=-pass-through=-lgcc -plugin-opt=-pass-through=-lc -plugin-opt=-pass-through=-lgcc_s -plugin-opt=-pass-through=-lgcc --sysroot=/ --build-id --eh-frame-hdr -export-dynamic -dynamic-linker /lib/ld-linux.so.3 -X --hash-style=gnu -m armelf_linux_eabi -o cmTryCompileExec4002745184 /usr/lib/gcc/arm-linux-gnueabi/4.9/../../../arm-linux-gnueabi/crt1.o /usr/lib/gcc/arm-linux-gnueabi/4.9/../../../arm-linux-gnueabi/crti.o /usr/lib/gcc/arm-linux-gnueabi/4.9/crtbegin.o -L/usr/lib/gcc/arm-linux-gnueabi/4.9 -L/usr/lib/gcc/arm-linux-gnueabi/4.9/../../../arm-linux-gnueabi -L/usr/lib/gcc/arm-linux-gnueabi/4.9/../../.. -L/lib/arm-linux-gnueabi -L/usr/lib/arm-linux-gnueabi CMakeFiles/cmTryCompileExec4002745184.dir/CMakeCXXCompilerABI.cpp.o -lstdc++ -lm -lgcc_s -lgcc -lc -lgcc_s -lgcc /usr/lib/gcc/arm-linux-gnueabi/4.9/crtend.o /usr/lib/gcc/arm-linux-gnueabi/4.9/../../../arm-linux-gnueabi/crtn.o
make[1]: Leaving directory '/caffe/examples/CMakeFiles/CMakeTmp'


Parsed CXX implicit link information from above output:
  link line regex: [^( *|.*[/\])(ld|([^/\]+-)?ld|collect2)[^/\]*( |$)]
  ignore line: [Change Dir: /caffe/examples/CMakeFiles/CMakeTmp]
  ignore line: []
  ignore line: [Run Build Command:"/usr/bin/make" "cmTryCompileExec4002745184/fast"]
  ignore line: [/usr/bin/make -f CMakeFiles/cmTryCompileExec4002745184.dir/build.make CMakeFiles/cmTryCompileExec4002745184.dir/build]
  ignore line: [make[1]: Entering directory '/caffe/examples/CMakeFiles/CMakeTmp']
  ignore line: [/usr/bin/cmake -E cmake_progress_report /caffe/examples/CMakeFiles/CMakeTmp/CMakeFiles 1]
  ignore line: [Building CXX object CMakeFiles/cmTryCompileExec4002745184.dir/CMakeCXXCompilerABI.cpp.o]
  ignore line: [/usr/bin/c++     -o CMakeFiles/cmTryCompileExec4002745184.dir/CMakeCXXCompilerABI.cpp.o -c /usr/share/cmake-3.0/Modules/CMakeCXXCompilerABI.cpp]
  ignore line: [Linking CXX executable cmTryCompileExec4002745184]
  ignore line: [/usr/bin/cmake -E cmake_link_script CMakeFiles/cmTryCompileExec4002745184.dir/link.txt --verbose=1]
  ignore line: [/usr/bin/c++      -v CMakeFiles/cmTryCompileExec4002745184.dir/CMakeCXXCompilerABI.cpp.o  -o cmTryCompileExec4002745184 -rdynamic  ]
  ignore line: [Using built-in specs.]
  ignore line: [COLLECT_GCC=/usr/bin/c++]
  ignore line: [COLLECT_LTO_WRAPPER=/usr/lib/gcc/arm-linux-gnueabi/4.9/lto-wrapper]
  ignore line: [Target: arm-linux-gnueabi]
  ignore line: [Configured with: ../src/configure -v --with-pkgversion='Debian 4.9.2-10' --with-bugurl=file:///usr/share/doc/gcc-4.9/README.Bugs --enable-languages=c,c++,java,go,d,fortran,objc,obj-c++ --prefix=/usr --program-suffix=-4.9 --enable-shared --enable-linker-build-id --libexecdir=/usr/lib --without-included-gettext --enable-threads=posix --with-gxx-include-dir=/usr/include/c++/4.9 --libdir=/usr/lib --enable-nls --with-sysroot=/ --enable-clocale=gnu --enable-libstdcxx-debug --enable-libstdcxx-time=yes --enable-gnu-unique-object --disable-libitm --disable-libquadmath --enable-plugin --with-system-zlib --disable-browser-plugin --enable-java-awt=gtk --enable-gtk-cairo --with-java-home=/usr/lib/jvm/java-1.5.0-gcj-4.9-armel/jre --enable-java-home --with-jvm-root-dir=/usr/lib/jvm/java-1.5.0-gcj-4.9-armel --with-jvm-jar-dir=/usr/lib/jvm-exports/java-1.5.0-gcj-4.9-armel --with-arch-directory=arm --with-ecj-jar=/usr/share/java/eclipse-ecj.jar --enable-objc-gc --enable-multiarch --disable-sjlj-exceptions --with-arch=armv4t --with-float=soft --enable-checking=release --build=arm-linux-gnueabi --host=arm-linux-gnueabi --target=arm-linux-gnueabi]
  ignore line: [Thread model: posix]
  ignore line: [gcc version 4.9.2 (Debian 4.9.2-10) ]
  ignore line: [COMPILER_PATH=/usr/lib/gcc/arm-linux-gnueabi/4.9/:/usr/lib/gcc/arm-linux-gnueabi/4.9/:/usr/lib/gcc/arm-linux-gnueabi/:/usr/lib/gcc/arm-linux-gnueabi/4.9/:/usr/lib/gcc/arm-linux-gnueabi/]
  ignore line: [LIBRARY_PATH=/usr/lib/gcc/arm-linux-gnueabi/4.9/:/usr/lib/gcc/arm-linux-gnueabi/4.9/../../../arm-linux-gnueabi/:/usr/lib/gcc/arm-linux-gnueabi/4.9/../../../:/lib/arm-linux-gnueabi/:/lib/:/usr/lib/arm-linux-gnueabi/:/usr/lib/]
  ignore line: [COLLECT_GCC_OPTIONS='-v' '-o' 'cmTryCompileExec4002745184' '-rdynamic' '-shared-libgcc' '-march=armv4t' '-mfloat-abi=soft' '-mtls-dialect=gnu']
  link line: [ /usr/lib/gcc/arm-linux-gnueabi/4.9/collect2 -plugin /usr/lib/gcc/arm-linux-gnueabi/4.9/liblto_plugin.so -plugin-opt=/usr/lib/gcc/arm-linux-gnueabi/4.9/lto-wrapper -plugin-opt=-fresolution=/tmp/cc64U1tO.res -plugin-opt=-pass-through=-lgcc_s -plugin-opt=-pass-through=-lgcc -plugin-opt=-pass-through=-lc -plugin-opt=-pass-through=-lgcc_s -plugin-opt=-pass-through=-lgcc --sysroot=/ --build-id --eh-frame-hdr -export-dynamic -dynamic-linker /lib/ld-linux.so.3 -X --hash-style=gnu -m armelf_linux_eabi -o cmTryCompileExec4002745184 /usr/lib/gcc/arm-linux-gnueabi/4.9/../../../arm-linux-gnueabi/crt1.o /usr/lib/gcc/arm-linux-gnueabi/4.9/../../../arm-linux-gnueabi/crti.o /usr/lib/gcc/arm-linux-gnueabi/4.9/crtbegin.o -L/usr/lib/gcc/arm-linux-gnueabi/4.9 -L/usr/lib/gcc/arm-linux-gnueabi/4.9/../../../arm-linux-gnueabi -L/usr/lib/gcc/arm-linux-gnueabi/4.9/../../.. -L/lib/arm-linux-gnueabi -L/usr/lib/arm-linux-gnueabi CMakeFiles/cmTryCompileExec4002745184.dir/CMakeCXXCompilerABI.cpp.o -lstdc++ -lm -lgcc_s -lgcc -lc -lgcc_s -lgcc /usr/lib/gcc/arm-linux-gnueabi/4.9/crtend.o /usr/lib/gcc/arm-linux-gnueabi/4.9/../../../arm-linux-gnueabi/crtn.o]
    arg [/usr/lib/gcc/arm-linux-gnueabi/4.9/collect2] ==> ignore
    arg [-plugin] ==> ignore
    arg [/usr/lib/gcc/arm-linux-gnueabi/4.9/liblto_plugin.so] ==> ignore
    arg [-plugin-opt=/usr/lib/gcc/arm-linux-gnueabi/4.9/lto-wrapper] ==> ignore
    arg [-plugin-opt=-fresolution=/tmp/cc64U1tO.res] ==> ignore
    arg [-plugin-opt=-pass-through=-lgcc_s] ==> ignore
    arg [-plugin-opt=-pass-through=-lgcc] ==> ignore
    arg [-plugin-opt=-pass-through=-lc] ==> ignore
    arg [-plugin-opt=-pass-through=-lgcc_s] ==> ignore
    arg [-plugin-opt=-pass-through=-lgcc] ==> ignore
    arg [--sysroot=/] ==> ignore
    arg [--build-id] ==> ignore
    arg [--eh-frame-hdr] ==> ignore
    arg [-export-dynamic] ==> ignore
    arg [-dynamic-linker] ==> ignore
    arg [/lib/ld-linux.so.3] ==> ignore
    arg [-X] ==> ignore
    arg [--hash-style=gnu] ==> ignore
    arg [-m] ==> ignore
    arg [armelf_linux_eabi] ==> ignore
    arg [-o] ==> ignore
    arg [cmTryCompileExec4002745184] ==> ignore
    arg [/usr/lib/gcc/arm-linux-gnueabi/4.9/../../../arm-linux-gnueabi/crt1.o] ==> ignore
    arg [/usr/lib/gcc/arm-linux-gnueabi/4.9/../../../arm-linux-gnueabi/crti.o] ==> ignore
    arg [/usr/lib/gcc/arm-linux-gnueabi/4.9/crtbegin.o] ==> ignore
    arg [-L/usr/lib/gcc/arm-linux-gnueabi/4.9] ==> dir [/usr/lib/gcc/arm-linux-gnueabi/4.9]
    arg [-L/usr/lib/gcc/arm-linux-gnueabi/4.9/../../../arm-linux-gnueabi] ==> dir [/usr/lib/gcc/arm-linux-gnueabi/4.9/../../../arm-linux-gnueabi]
    arg [-L/usr/lib/gcc/arm-linux-gnueabi/4.9/../../..] ==> dir [/usr/lib/gcc/arm-linux-gnueabi/4.9/../../..]
    arg [-L/lib/arm-linux-gnueabi] ==> dir [/lib/arm-linux-gnueabi]
    arg [-L/usr/lib/arm-linux-gnueabi] ==> dir [/usr/lib/arm-linux-gnueabi]
    arg [CMakeFiles/cmTryCompileExec4002745184.dir/CMakeCXXCompilerABI.cpp.o] ==> ignore
    arg [-lstdc++] ==> lib [stdc++]
    arg [-lm] ==> lib [m]
    arg [-lgcc_s] ==> lib [gcc_s]
    arg [-lgcc] ==> lib [gcc]
    arg [-lc] ==> lib [c]
    arg [-lgcc_s] ==> lib [gcc_s]
    arg [-lgcc] ==> lib [gcc]
    arg [/usr/lib/gcc/arm-linux-gnueabi/4.9/crtend.o] ==> ignore
    arg [/usr/lib/gcc/arm-linux-gnueabi/4.9/../../../arm-linux-gnueabi/crtn.o] ==> ignore
  remove lib [gcc_s]
  remove lib [gcc]
  remove lib [gcc_s]
  remove lib [gcc]
  collapse library dir [/usr/lib/gcc/arm-linux-gnueabi/4.9] ==> [/usr/lib/gcc/arm-linux-gnueabi/4.9]
  collapse library dir [/usr/lib/gcc/arm-linux-gnueabi/4.9/../../../arm-linux-gnueabi] ==> [/usr/lib/arm-linux-gnueabi]
  collapse library dir [/usr/lib/gcc/arm-linux-gnueabi/4.9/../../..] ==> [/usr/lib]
  collapse library dir [/lib/arm-linux-gnueabi] ==> [/lib/arm-linux-gnueabi]
  collapse library dir [/usr/lib/arm-linux-gnueabi] ==> [/usr/lib/arm-linux-gnueabi]
  implicit libs: [stdc++;m;c]
  implicit dirs: [/usr/lib/gcc/arm-linux-gnueabi/4.9;/usr/lib/arm-linux-gnueabi;/usr/lib;/lib/arm-linux-gnueabi]
  implicit fwks: []


